<?xml version="1.0" encoding="UTF-8"?>
<testng-results skipped="0" failed="0" total="1" passed="1">
  <reporter-output>
  </reporter-output>
  <suite name="Suite" duration-ms="10649" started-at="2016-07-17T12:19:49Z" finished-at="2016-07-17T12:20:00Z">
    <groups>
    </groups>
    <test name="Test" duration-ms="10649" started-at="2016-07-17T12:19:49Z" finished-at="2016-07-17T12:20:00Z">
      <class name="mavendemo.DemoA">
        <test-method status="PASS" signature="testA()[pri:0, instance:mavendemo.DemoA@6cd8737]" name="testA" duration-ms="10632" started-at="2016-07-17T17:49:49Z" finished-at="2016-07-17T17:50:00Z">
          <reporter-output>
          </reporter-output>
        </test-method> <!-- testA -->
      </class> <!-- mavendemo.DemoA -->
    </test> <!-- Test -->
  </suite> <!-- Suite -->
</testng-results>
