<?xml version="1.0" encoding="UTF-8"?>
<testng-results skipped="0" failed="0" total="2" passed="2">
  <reporter-output>
  </reporter-output>
  <suite name="Default suite" duration-ms="14828" started-at="2016-08-13T12:50:14Z" finished-at="2016-08-13T12:50:29Z">
    <groups>
    </groups>
    <test name="Default test" duration-ms="14828" started-at="2016-08-13T12:50:14Z" finished-at="2016-08-13T12:50:29Z">
      <class name="mavenpackage.DemoAMaven">
        <test-method status="PASS" signature="testA()[pri:0, instance:mavenpackage.DemoAMaven@6e38921c]" name="testA" duration-ms="14339" started-at="2016-08-13T18:20:14Z" finished-at="2016-08-13T18:20:28Z">
          <reporter-output>
          </reporter-output>
        </test-method> <!-- testA -->
        <test-method status="PASS" signature="testB()[pri:0, instance:mavenpackage.DemoAMaven@6e38921c]" name="testB" duration-ms="456" started-at="2016-08-13T18:20:28Z" finished-at="2016-08-13T18:20:29Z">
          <reporter-output>
          </reporter-output>
        </test-method> <!-- testB -->
      </class> <!-- mavenpackage.DemoAMaven -->
    </test> <!-- Default test -->
  </suite> <!-- Default suite -->
</testng-results>
