<?xml version="1.0" encoding="UTF-8"?>
<testng-results skipped="0" failed="0" total="1" passed="1">
  <reporter-output>
  </reporter-output>
  <suite name="Default suite" duration-ms="21624" started-at="2016-08-13T12:11:18Z" finished-at="2016-08-13T12:11:40Z">
    <groups>
    </groups>
    <test name="Default test" duration-ms="21624" started-at="2016-08-13T12:11:18Z" finished-at="2016-08-13T12:11:40Z">
      <class name="mavenpackage.DemoAMaven">
        <test-method status="PASS" signature="testA()[pri:0, instance:mavenpackage.DemoAMaven@5ae9a829]" name="testA" duration-ms="21496" started-at="2016-08-13T17:41:18Z" finished-at="2016-08-13T17:41:39Z">
          <reporter-output>
          </reporter-output>
        </test-method> <!-- testA -->
      </class> <!-- mavenpackage.DemoAMaven -->
    </test> <!-- Default test -->
  </suite> <!-- Default suite -->
</testng-results>
